<?xml version="1.0" encoding="UTF-8"?>
<!-- Generated by org.testng.reporters.JUnitXMLReporter -->
<testsuite hostname="DESKTOP-6P6IV4K" ignored="0" name="Default test" tests="3" failures="0" timestamp="02 Jun 2019 20:24:10 GMT" time="14.62" errors="0">
  <testcase name="addFirstItem" time="4.759" classname="Framework.TestNG.Practice2"/>
  <testcase name="addSecondItem" time="2.417" classname="Framework.TestNG.Practice2"/>
  <testcase name="addThirdItem" time="2.639" classname="Framework.TestNG.Practice2"/>
</testsuite> <!-- Default test -->
