<?xml version="1.0" encoding="UTF-8"?>
<testng-results skipped="0" failed="0" ignored="0" total="3" passed="3">
  <reporter-output>
  </reporter-output>
  <suite name="Default suite" duration-ms="14620" started-at="2019-06-02T20:23:56Z" finished-at="2019-06-02T20:24:10Z">
    <groups>
    </groups>
    <test name="Default test" duration-ms="14620" started-at="2019-06-02T20:23:56Z" finished-at="2019-06-02T20:24:10Z">
      <class name="Framework.TestNG.Practice2">
        <test-method status="PASS" signature="setEnviroment()[pri:0, instance:Framework.TestNG.Practice2@4667ae56]" name="setEnviroment" is-config="true" duration-ms="4035" started-at="2019-06-02T20:23:56Z" finished-at="2019-06-02T20:24:00Z">
          <reporter-output>
          </reporter-output>
        </test-method> <!-- setEnviroment -->
        <test-method status="PASS" signature="addFirstItem()[pri:0, instance:Framework.TestNG.Practice2@4667ae56]" name="addFirstItem" duration-ms="4759" started-at="2019-06-02T20:24:00Z" finished-at="2019-06-02T20:24:05Z">
          <reporter-output>
          </reporter-output>
        </test-method> <!-- addFirstItem -->
        <test-method status="PASS" signature="addSecondItem()[pri:0, instance:Framework.TestNG.Practice2@4667ae56]" name="addSecondItem" duration-ms="2417" started-at="2019-06-02T20:24:05Z" finished-at="2019-06-02T20:24:07Z">
          <reporter-output>
          </reporter-output>
        </test-method> <!-- addSecondItem -->
        <test-method status="PASS" signature="addThirdItem()[pri:0, instance:Framework.TestNG.Practice2@4667ae56]" name="addThirdItem" duration-ms="2639" started-at="2019-06-02T20:24:07Z" finished-at="2019-06-02T20:24:10Z">
          <reporter-output>
          </reporter-output>
        </test-method> <!-- addThirdItem -->
        <test-method status="PASS" signature="closeTheEnviroment()[pri:0, instance:Framework.TestNG.Practice2@4667ae56]" name="closeTheEnviroment" is-config="true" duration-ms="747" started-at="2019-06-02T20:24:10Z" finished-at="2019-06-02T20:24:10Z">
          <reporter-output>
          </reporter-output>
        </test-method> <!-- closeTheEnviroment -->
      </class> <!-- Framework.TestNG.Practice2 -->
    </test> <!-- Default test -->
  </suite> <!-- Default suite -->
</testng-results>
